Arguments: 
  /usr/local/bin/node /usr/local/Cellar/yarn/1.22.10/libexec/bin/yarn.js init

PATH: 
  /Users/mbokinala/.jenv/shims:/Users/mbokinala/.jenv/bin:/Users/mbokinala/Library/Android/sdk/tools:/Users/mbokinala/Library/Android/sdk/tools/bin:/Users/mbokinala/Library/Android/sdk/platform-tools:/usr/local/opt/bison/bin:/usr/local/bin:/Users/mbokinala/.pyenv/shims:/usr/local/bin:/opt/local/bin:/opt/local/sbin:/usr/local/bin:/usr/bin:/bin:/usr/sbin:/sbin:/Library/TeX/texbin:/usr/local/go/bin:/opt/X11/bin:/Library/Apple/usr/bin:/Library/Frameworks/Mono.framework/Versions/Current/Commands:/Users/mbokinala/Library/Android/sdk/tools:/Users/mbokinala/Library/Android/sdk/tools/bin:/Users/mbokinala/Library/Android/sdk/platform-tools:/usr/local/opt/bison/bin:/Users/mbokinala/Desktop/code/flutter/bin:/usr/local/mysql/bin:/Users/mbokinala/Library/Android/sdk/emulator:/Users/mbokinala/bin:/Users/mbokinala/Desktop/code/flutter/bin:/usr/local/mysql/bin:/Users/mbokinala/Library/Android/sdk/emulator:/Users/mbokinala/Library/Android/sdk/tools:/Users/mbokinala/Library/Android/sdk/tools/bin:/Users/mbokinala/Library/Android/sdk/platform-tools

Yarn version: 
  1.22.10

Node version: 
  15.2.1

Platform: 
  darwin x64

Trace: 
  Error: canceled
      at Interface.<anonymous> (/usr/local/Cellar/yarn/1.22.10/libexec/lib/cli.js:137009:13)
      at Interface.emit (node:events:329:20)
      at Interface._ttyWrite (node:readline:875:16)
      at ReadStream.onkeypress (node:readline:213:10)
      at ReadStream.emit (node:events:329:20)
      at emitKeys (node:internal/readline/utils:345:14)
      at emitKeys.next (<anonymous>)
      at ReadStream.onData (node:readline:1144:36)
      at ReadStream.emit (node:events:329:20)
      at addChunk (node:internal/streams/readable:304:12)

npm manifest: 
  No manifest

yarn manifest: 
  No manifest

Lockfile: 
  No lockfile
